Determining if the pthread_create exist failed with the following output:
Change Dir: /home/gaurav/Documents/github/SFND_Unscented_Kalman_Filter/build/CMakeFiles/CMakeTmp

Run Build Command:"/usr/bin/make" "cmTC_1b562/fast"
/usr/bin/make -f CMakeFiles/cmTC_1b562.dir/build.make CMakeFiles/cmTC_1b562.dir/build
make[1]: Entering directory '/home/gaurav/Documents/github/SFND_Unscented_Kalman_Filter/build/CMakeFiles/CMakeTmp'
Building C object CMakeFiles/cmTC_1b562.dir/CheckSymbolExists.c.o
/usr/bin/cc    -o CMakeFiles/cmTC_1b562.dir/CheckSymbolExists.c.o   -c /home/gaurav/Documents/github/SFND_Unscented_Kalman_Filter/build/CMakeFiles/CMakeTmp/CheckSymbolExists.c
Linking C executable cmTC_1b562
/usr/bin/cmake -E cmake_link_script CMakeFiles/cmTC_1b562.dir/link.txt --verbose=1
/usr/bin/cc      -rdynamic CMakeFiles/cmTC_1b562.dir/CheckSymbolExists.c.o  -o cmTC_1b562 
CMakeFiles/cmTC_1b562.dir/CheckSymbolExists.c.o: In function `main':
CheckSymbolExists.c:(.text+0x1b): undefined reference to `pthread_create'
collect2: error: ld returned 1 exit status
CMakeFiles/cmTC_1b562.dir/build.make:97: recipe for target 'cmTC_1b562' failed
make[1]: *** [cmTC_1b562] Error 1
make[1]: Leaving directory '/home/gaurav/Documents/github/SFND_Unscented_Kalman_Filter/build/CMakeFiles/CMakeTmp'
Makefile:126: recipe for target 'cmTC_1b562/fast' failed
make: *** [cmTC_1b562/fast] Error 2

File /home/gaurav/Documents/github/SFND_Unscented_Kalman_Filter/build/CMakeFiles/CMakeTmp/CheckSymbolExists.c:
/* */
#include <pthread.h>

int main(int argc, char** argv)
{
  (void)argv;
#ifndef pthread_create
  return ((int*)(&pthread_create))[argc];
#else
  (void)argc;
  return 0;
#endif
}

Determining if the function pthread_create exists in the pthreads failed with the following output:
Change Dir: /home/gaurav/Documents/github/SFND_Unscented_Kalman_Filter/build/CMakeFiles/CMakeTmp

Run Build Command:"/usr/bin/make" "cmTC_ce992/fast"
/usr/bin/make -f CMakeFiles/cmTC_ce992.dir/build.make CMakeFiles/cmTC_ce992.dir/build
make[1]: Entering directory '/home/gaurav/Documents/github/SFND_Unscented_Kalman_Filter/build/CMakeFiles/CMakeTmp'
Building C object CMakeFiles/cmTC_ce992.dir/CheckFunctionExists.c.o
/usr/bin/cc   -DCHECK_FUNCTION_EXISTS=pthread_create   -o CMakeFiles/cmTC_ce992.dir/CheckFunctionExists.c.o   -c /usr/share/cmake-3.10/Modules/CheckFunctionExists.c
Linking C executable cmTC_ce992
/usr/bin/cmake -E cmake_link_script CMakeFiles/cmTC_ce992.dir/link.txt --verbose=1
/usr/bin/cc  -DCHECK_FUNCTION_EXISTS=pthread_create    -rdynamic CMakeFiles/cmTC_ce992.dir/CheckFunctionExists.c.o  -o cmTC_ce992 -lpthreads 
/usr/bin/ld: cannot find -lpthreads
collect2: error: ld returned 1 exit status
CMakeFiles/cmTC_ce992.dir/build.make:97: recipe for target 'cmTC_ce992' failed
make[1]: *** [cmTC_ce992] Error 1
make[1]: Leaving directory '/home/gaurav/Documents/github/SFND_Unscented_Kalman_Filter/build/CMakeFiles/CMakeTmp'
Makefile:126: recipe for target 'cmTC_ce992/fast' failed
make: *** [cmTC_ce992/fast] Error 2


